<?xml version="1.0" encoding="UTF-8"?>
<testng-results skipped="0" failed="0" ignored="0" total="1" passed="1">
  <reporter-output>
  </reporter-output>
  <suite name="Default suite" duration-ms="6408" started-at="2022-09-06T07:11:17 CDT" finished-at="2022-09-06T07:11:23 CDT">
    <groups>
    </groups>
    <test name="Default test" duration-ms="6408" started-at="2022-09-06T07:11:17 CDT" finished-at="2022-09-06T07:11:23 CDT">
      <class name="examTestngProject.ElementPageTest">
        <test-method status="PASS" signature="beforeTest()[pri:0, instance:examTestngProject.ElementPageTest@2a742aa2]" name="beforeTest" is-config="true" duration-ms="2193" started-at="2022-09-06T07:11:17 CDT" finished-at="2022-09-06T07:11:19 CDT">
          <reporter-output>
          </reporter-output>
        </test-method> <!-- beforeTest -->
        <test-method status="PASS" signature="insertCategory()[pri:1, instance:examTestngProject.ElementPageTest@2a742aa2]" name="insertCategory" duration-ms="3532" started-at="2022-09-06T07:11:19 CDT" finished-at="2022-09-06T07:11:23 CDT">
          <reporter-output>
          </reporter-output>
        </test-method> <!-- insertCategory -->
        <test-method status="PASS" signature="tearDown()[pri:0, instance:examTestngProject.ElementPageTest@2a742aa2]" name="tearDown" is-config="true" duration-ms="658" started-at="2022-09-06T07:11:23 CDT" finished-at="2022-09-06T07:11:23 CDT">
          <reporter-output>
          </reporter-output>
        </test-method> <!-- tearDown -->
      </class> <!-- examTestngProject.ElementPageTest -->
    </test> <!-- Default test -->
  </suite> <!-- Default suite -->
</testng-results>
